# Reading C:/Microsemi/Libero_SoC_v11.8/Modelsim/tcl/vsim/pref.tcl
# do run.do
# INFO: Simulation library presynth already exists
# Model Technology ModelSim Microsemi vmap 10.5c Lib Mapping Utility 2016.07 Jul 21 2016
# vmap presynth presynth 
# Modifying modelsim.ini
# Model Technology ModelSim Microsemi vmap 10.5c Lib Mapping Utility 2016.07 Jul 21 2016
# vmap SmartFusion2 C:/Microsemi/Libero_SoC_v11.8/Designer/lib/modelsim/precompiled/vlog/SmartFusion2 
# Modifying modelsim.ini
# Model Technology ModelSim Microsemi vlog 10.5c Compiler 2016.07 Jul 21 2016
# Start time: 20:24:41 on Jun 18,2018
# vlog -reportprogress 300 -vlog01compat -work presynth D:/M2S010TQG144/EDIB_1/EDIB_CMD/EDIB_CMD/hdl/EDIB_CMD.v 
# -- Compiling module EDIB_CMD
# 
# Top level modules:
# 	EDIB_CMD
# End time: 20:24:41 on Jun 18,2018, Elapsed time: 0:00:00
# Errors: 0, Warnings: 0
# Model Technology ModelSim Microsemi vlog 10.5c Compiler 2016.07 Jul 21 2016
# Start time: 20:24:41 on Jun 18,2018
# vlog -reportprogress 300 "+incdir+D:/M2S010TQG144/EDIB_1/EDIB_CMD/EDIB_CMD/stimulus" -vlog01compat -work presynth D:/M2S010TQG144/EDIB_1/EDIB_CMD/EDIB_CMD/stimulus/EDIB_CMD_tb.v 
# -- Compiling module EDIB_CMD_tb
# 
# Top level modules:
# 	EDIB_CMD_tb
# End time: 20:24:41 on Jun 18,2018, Elapsed time: 0:00:00
# Errors: 0, Warnings: 0
# vsim -L SmartFusion2 -L presynth -t 1fs presynth.EDIB_CMD_tb 
# Start time: 20:24:41 on Jun 18,2018
# //  ModelSim Microsemi 10.5c Jul 21 2016
# //
# //  Copyright 1991-2016 Mentor Graphics Corporation
# //  All Rights Reserved.
# //
# //  ModelSim Microsemi and its associated documentation contain trade
# //  secrets and commercial or financial information that are the property of
# //  Mentor Graphics Corporation and are privileged, confidential,
# //  and exempt from disclosure under the Freedom of Information Act,
# //  5 U.S.C. Section 552. Furthermore, this information
# //  is prohibited from disclosure under the Trade Secrets Act,
# //  18 U.S.C. Section 1905.
# //
# Loading presynth.EDIB_CMD_tb
# Loading presynth.EDIB_CMD
run -all
# ** Note: $stop    : D:/M2S010TQG144/EDIB_1/EDIB_CMD/EDIB_CMD/stimulus/EDIB_CMD_tb.v(169)
#    Time: 3635353 ps  Iteration: 0  Instance: /EDIB_CMD_tb
# Break in Module EDIB_CMD_tb at D:/M2S010TQG144/EDIB_1/EDIB_CMD/EDIB_CMD/stimulus/EDIB_CMD_tb.v line 169
# End time: 20:27:48 on Jun 18,2018, Elapsed time: 0:03:07
# Errors: 0, Warnings: 0
