
Starting:    C:\Microsemi\Libero_SoC_v11.8\SynplifyPro\bin64\mbin\synbatch.exe
Install:     C:\Microsemi\Libero_SoC_v11.8\SynplifyPro
Hostname:    DESKTOP-E962I26
Date:        Mon Jun 18 20:24:31 2018
Version:     L-2016.09M-2

Arguments:   -product synplify_pro -licensetype synplifypro_actel -batch -log synplify.log EDIB_CMD_syn.tcl
ProductType: synplify_pro

License checkout: synplifypro_actel
License: synplifypro_actel node-locked 
Licensed Vendor: actel
License Option: actel_oem

Running in Vendor Mode


Implementation not found: synthesis

log file: "D:\M2S010TQG144\EDIB_1\EDIB_CMD\EDIB_CMD\synthesis\EDIB_CMD.srr"

Running: synthesis in foreground



Running EDIB_CMD_syn|synthesis


Running: compile (Compile) on EDIB_CMD_syn|synthesis
# Mon Jun 18 20:24:31 2018


Running: compile_flow (Compile Process) on EDIB_CMD_syn|synthesis
# Mon Jun 18 20:24:31 2018


Running: compiler (Compile Input) on EDIB_CMD_syn|synthesis
# Mon Jun 18 20:24:31 2018

compiler exited with errors

Job failed on: EDIB_CMD_syn|synthesis


Job: "compiler" terminated with error status: 2
See log file: "D:\M2S010TQG144\EDIB_1\EDIB_CMD\EDIB_CMD\synthesis\synlog\EDIB_CMD_compiler.srr"
# Mon Jun 18 20:24:32 2018

Return Code: 2
Run Time:00h:00m:01s

Complete: Compile Process on EDIB_CMD_syn|synthesis

Complete: Compile on EDIB_CMD_syn|synthesis

Complete: Logic Synthesis on EDIB_CMD_syn|synthesis

Error: At line 2 while processing "EDIB_CMD_syn.tcl"
2

TCL script complete: "EDIB_CMD_syn.tcl"

TCL script had errors: "EDIB_CMD_syn.tcl"

exit status=9

exit status=9

License checkin: synplifypro_actel

