# Reading C:/Microsemi/Libero_SoC_v11.8/Modelsim/tcl/vsim/pref.tcl
# do run.do
# INFO: Simulation library presynth already exists
# Model Technology ModelSim Microsemi vmap 10.5c Lib Mapping Utility 2016.07 Jul 21 2016
# vmap presynth presynth 
# Modifying modelsim.ini
# Model Technology ModelSim Microsemi vmap 10.5c Lib Mapping Utility 2016.07 Jul 21 2016
# vmap SmartFusion2 C:/Microsemi/Libero_SoC_v11.8/Designer/lib/modelsim/precompiled/vlog/SmartFusion2 
# Modifying modelsim.ini
# Model Technology ModelSim Microsemi vlog 10.5c Compiler 2016.07 Jul 21 2016
# Start time: 20:29:01 on Jun 18,2018
# vlog -reportprogress 300 -vlog01compat -work presynth D:/M2S010TQG144/EDIB_1/EDIB_M2/EDIB_M2/hdl/EDIB_M2.v 
# -- Compiling module EDIB_M2
# 
# Top level modules:
# 	EDIB_M2
# End time: 20:29:02 on Jun 18,2018, Elapsed time: 0:00:01
# Errors: 0, Warnings: 0
# Model Technology ModelSim Microsemi vlog 10.5c Compiler 2016.07 Jul 21 2016
# Start time: 20:29:02 on Jun 18,2018
# vlog -reportprogress 300 "+incdir+D:/M2S010TQG144/EDIB_1/EDIB_M2/EDIB_M2/stimulus" -vlog01compat -work presynth D:/M2S010TQG144/EDIB_1/EDIB_M2/EDIB_M2/stimulus/EDIB_M2_tb.v 
# -- Compiling module EDIB_M2_tb
# 
# Top level modules:
# 	EDIB_M2_tb
# End time: 20:29:02 on Jun 18,2018, Elapsed time: 0:00:00
# Errors: 0, Warnings: 0
# vsim -L SmartFusion2 -L presynth -t 1fs presynth.EDIB_M2_tb 
# Start time: 20:29:02 on Jun 18,2018
# //  ModelSim Microsemi 10.5c Jul 21 2016
# //
# //  Copyright 1991-2016 Mentor Graphics Corporation
# //  All Rights Reserved.
# //
# //  ModelSim Microsemi and its associated documentation contain trade
# //  secrets and commercial or financial information that are the property of
# //  Mentor Graphics Corporation and are privileged, confidential,
# //  and exempt from disclosure under the Freedom of Information Act,
# //  5 U.S.C. Section 552. Furthermore, this information
# //  is prohibited from disclosure under the Trade Secrets Act,
# //  18 U.S.C. Section 1905.
# //
# Loading presynth.EDIB_M2_tb
# Loading presynth.EDIB_M2
run -all
# ** Note: $stop    : D:/M2S010TQG144/EDIB_1/EDIB_M2/EDIB_M2/stimulus/EDIB_M2_tb.v(37)
#    Time: 5842368 ps  Iteration: 0  Instance: /EDIB_M2_tb
# Break in Module EDIB_M2_tb at D:/M2S010TQG144/EDIB_1/EDIB_M2/EDIB_M2/stimulus/EDIB_M2_tb.v line 37
run -all
# Break key hit
# Simulation stop requested.
# End time: 20:31:20 on Jun 18,2018, Elapsed time: 0:02:18
# Errors: 0, Warnings: 0
