Resource Usage Report for DMAAPB 

Mapping to part: m2s010tq144std
Cell usage:
CCC             1 use
CLKINT          2 uses
MSS_010         1 use
RCOSC_25_50MHZ  1 use
SYSRESET        1 use
CFG2           4 uses
CFG3           15 uses
CFG4           18 uses


Sequential Cells: 
SLE            16 uses

DSP Blocks:    0 of 22 (0%)

I/O ports: 2
I/O primitives: 1
OUTBUF         1 use


Global Clock Buffers: 2 of 8 (25%)


Total LUTs:    37

Extra resources required for RAM and MACC interface logic during P&R:

RAM64x18 Interface Logic : SLEs = 0; LUTs = 0;
RAM1K18  Interface Logic : SLEs = 36; LUTs = 36;
MACC     Interface Logic : SLEs = 0; LUTs = 0;

Total number of SLEs after P&R:  16 + 0 + 36 + 0 = 52;
Total number of LUTs after P&R:  37 + 0 + 36 + 0 = 73;

