# Synopsys Constraint Checker, version map201609actrcp1, Build 005R, built Jan 25 2017
# Copyright (C) 1994-2016 Synopsys, Inc. All rights reserved. This Synopsys software and all associated documentation are proprietary to Synopsys, Inc. and may only be used pursuant to the terms and conditions of a written license agreement with Synopsys, Inc. All other use, reproduction, modification, or distribution of the Synopsys software or the associated documentation is strictly prohibited.

# Written on Sun Jun 10 08:47:16 2018


##### DESIGN INFO #######################################################

Top View:                "DMAAPB"
Constraint File(s):      (none)




##### SUMMARY ############################################################

Found 0 issues in 0 out of 0 constraints


##### DETAILS ############################################################



Clock Relationships
*******************

Starting                                      Ending                                        |     rise to rise     |     fall to fall     |     rise to fall     |     fall to rise                     
-------------------------------------------------------------------------------------------------------------------------------------------------------------------------------------------------------
System                                        System                                        |     10.000           |     No paths         |     No paths         |     No paths                         
DMAAPB_FCCC_0_FCCC|GL0_net_inferred_clock     DMAAPB_FCCC_0_FCCC|GL0_net_inferred_clock     |     10.000           |     No paths         |     No paths         |     No paths                         
=======================================================================================================================================================================================================
 Note: 'No paths' indicates there are no paths in the design for that pair of clock edges.
       'Diff grp' indicates that paths exist but the starting clock and ending clock are in different clock groups.


Unconstrained Start/End Points
******************************

p:DEVRST_N
p:GPIO_0_M2F


Inapplicable constraints
************************

(none)


Applicable constraints with issues
**********************************

(none)


Constraints with matching wildcard expressions
**********************************************

(none)


Library Report
**************


# End of Constraint Checker Report
