
Starting:    C:\Microsemi\Libero_SoC_v11.8\SynplifyPro\bin64\mbin\synbatch.exe
Install:     C:\Microsemi\Libero_SoC_v11.8\SynplifyPro
Hostname:    DESKTOP-E962I26
Date:        Sun Jun 10 08:47:12 2018
Version:     L-2016.09M-2

Arguments:   -product synplify_pro -licensetype synplifypro_actel -batch -log synplify.log DMAAPB_syn.tcl
ProductType: synplify_pro

License checkout: synplifypro_actel
License: synplifypro_actel node-locked 
Licensed Vendor: actel
License Option: actel_oem

Running in Vendor Mode


auto_infer_blackbox is not supported in current product.

log file: "D:\M2S010TQG144\EDIB_1\DMAAPB\DMAAPB\synthesis\DMAAPB.srr"

Running: synthesis in foreground



Running DMAAPB_syn|synthesis


Running: compile (Compile) on DMAAPB_syn|synthesis
# Sun Jun 10 08:47:12 2018


Running: compile_flow (Compile Process) on DMAAPB_syn|synthesis
# Sun Jun 10 08:47:12 2018


Running: compiler (Compile Input) on DMAAPB_syn|synthesis
# Sun Jun 10 08:47:12 2018

Copied D:\M2S010TQG144\EDIB_1\DMAAPB\DMAAPB\synthesis\synwork\DMAAPB_comp.srs to D:\M2S010TQG144\EDIB_1\DMAAPB\DMAAPB\synthesis\DMAAPB.srs


compiler completed
# Sun Jun 10 08:47:15 2018

Return Code: 0
Run Time:00h:00m:03s


Running: multi_srs_gen (Multi-srs Generator) on DMAAPB_syn|synthesis
# Sun Jun 10 08:47:15 2018


multi_srs_gen completed
# Sun Jun 10 08:47:15 2018

Return Code: 0
Run Time:00h:00m:00s

Copied D:\M2S010TQG144\EDIB_1\DMAAPB\DMAAPB\synthesis\synwork\DMAAPB_mult.srs to D:\M2S010TQG144\EDIB_1\DMAAPB\DMAAPB\synthesis\DMAAPB.srs

Complete: Compile Process on DMAAPB_syn|synthesis


Running: premap (Pre-mapping) on DMAAPB_syn|synthesis
# Sun Jun 10 08:47:15 2018


premap completed with warnings
# Sun Jun 10 08:47:16 2018

Return Code: 1
Run Time:00h:00m:01s

Complete: Compile on DMAAPB_syn|synthesis


Running: map (Map) on DMAAPB_syn|synthesis
# Sun Jun 10 08:47:16 2018

License granted for 4 parallel jobs


Running: fpga_mapper (Map & Optimize) on DMAAPB_syn|synthesis
# Sun Jun 10 08:47:16 2018

Copied D:\M2S010TQG144\EDIB_1\DMAAPB\DMAAPB\synthesis\synwork\DMAAPB_m.srm to D:\M2S010TQG144\EDIB_1\DMAAPB\DMAAPB\synthesis\DMAAPB.srm


fpga_mapper completed with warnings
# Sun Jun 10 08:47:17 2018

Return Code: 1
Run Time:00h:00m:01s

Complete: Map on DMAAPB_syn|synthesis

Complete: Logic Synthesis on DMAAPB_syn|synthesis

TCL script complete: "DMAAPB_syn.tcl"

exit status=0

exit status=0

License checkin: synplifypro_actel

